[1203/162812.387:ERROR:os_crypt_win.cc(93)] Failed to decrypt: Key not valid for use in specified state. (0x8009000B)
[1203/162814.265:WARNING:value_store_frontend.cc(45)] Reading mhjfbmdgcfjbbpaeojofohoefgiehjai.alarms from  failed: IO error: .../MANIFEST-000001: Unable to create sequential file (ChromeMethodBFE: 7::NewSequentialFile::1)
[1203/162835.168:WARNING:backend_impl.cc(1837)] Destroying invalid entry.
[1203/162835.168:ERROR:backend_impl.cc(1041)] Critical error found -8
[1203/162835.168:WARNING:storage_block-inl.h(146)] Failed data load.
[1203/162835.168:WARNING:storage_block-inl.h(146)] Failed data load.
[1203/162835.168:ERROR:entry_impl.cc(1075)] No file for c10300d6
[1203/162835.168:WARNING:storage_block-inl.h(146)] Failed data load.
[1203/162835.170:WARNING:storage_block-inl.h(146)] Failed data load.
[1203/162835.170:WARNING:storage_block-inl.h(146)] Failed data load.
[1203/162835.170:WARNING:storage_block-inl.h(146)] Failed data load.
[1203/162835.170:ERROR:entry_impl.cc(1075)] No file for c10300c4
[1203/162835.170:WARNING:storage_block-inl.h(146)] Failed data load.
[1203/162835.170:WARNING:storage_block-inl.h(146)] Failed data load.
[1203/162835.170:WARNING:storage_block-inl.h(146)] Failed data load.
[1203/162835.170:WARNING:storage_block-inl.h(146)] Failed data load.
[1203/162835.170:ERROR:entry_impl.cc(1075)] No file for c10300dc
[1203/162835.170:WARNING:storage_block-inl.h(146)] Failed data load.
[1203/162835.170:WARNING:storage_block-inl.h(146)] Failed data load.
[1203/162835.170:WARNING:storage_block-inl.h(146)] Failed data load.
[1203/162835.170:WARNING:storage_block-inl.h(146)] Failed data load.
[1203/162835.170:ERROR:entry_impl.cc(1075)] No file for c10300c6
[1203/162835.170:WARNING:storage_block-inl.h(146)] Failed data load.
[1203/162835.170:WARNING:storage_block-inl.h(146)] Failed data load.
[1203/162835.170:WARNING:storage_block-inl.h(146)] Failed data load.
[1203/162835.170:WARNING:storage_block-inl.h(146)] Failed data load.
[1203/162835.170:ERROR:entry_impl.cc(1075)] No file for c10300d2
[1203/162835.170:WARNING:storage_block-inl.h(146)] Failed data load.
[1203/162835.170:WARNING:storage_block-inl.h(146)] Failed data load.
[1203/162835.170:WARNING:storage_block-inl.h(146)] Failed data load.
[1203/162835.170:WARNING:storage_block-inl.h(146)] Failed data load.
[1203/162835.170:ERROR:entry_impl.cc(1075)] No file for c10300ca
[1203/162835.170:WARNING:storage_block-inl.h(146)] Failed data load.
[1203/162835.170:WARNING:storage_block-inl.h(146)] Failed data load.
[1203/162835.170:WARNING:storage_block-inl.h(146)] Failed data load.
[1203/162835.170:WARNING:storage_block-inl.h(146)] Failed data load.
[1203/162835.170:ERROR:entry_impl.cc(1075)] No file for c10300c8
[1203/162835.170:WARNING:storage_block-inl.h(146)] Failed data load.
[1203/162835.170:WARNING:storage_block-inl.h(146)] Failed data load.
[1203/162835.170:WARNING:storage_block-inl.h(146)] Failed data load.
[1203/162835.170:WARNING:storage_block-inl.h(146)] Failed data load.
[1203/162835.170:ERROR:entry_impl.cc(1075)] No file for c10300de
[1203/162835.170:WARNING:storage_block-inl.h(146)] Failed data load.
[1203/162835.170:WARNING:storage_block-inl.h(146)] Failed data load.
[1203/162835.170:WARNING:storage_block-inl.h(146)] Failed data load.
[1203/162835.170:WARNING:storage_block-inl.h(146)] Failed data load.
[1203/162835.170:ERROR:entry_impl.cc(1075)] No file for c10300bc
[1203/162835.170:WARNING:storage_block-inl.h(146)] Failed data load.
[1203/162835.170:WARNING:storage_block-inl.h(146)] Failed data load.
[1203/162835.170:WARNING:storage_block-inl.h(146)] Failed data load.
[1203/162835.170:WARNING:storage_block-inl.h(146)] Failed data load.
[1203/162835.170:ERROR:entry_impl.cc(1075)] No file for c10300be
[1203/162835.170:WARNING:storage_block-inl.h(146)] Failed data load.
[1203/162835.170:WARNING:storage_block-inl.h(146)] Failed data load.
[1203/162835.170:WARNING:storage_block-inl.h(146)] Failed data load.
[1203/162835.170:WARNING:storage_block-inl.h(146)] Failed data load.
[1203/162835.170:ERROR:entry_impl.cc(1075)] No file for c10300e0
[1203/162835.171:WARNING:storage_block-inl.h(146)] Failed data load.
[1203/162835.171:WARNING:storage_block-inl.h(146)] Failed data load.
[1203/162835.171:WARNING:storage_block-inl.h(146)] Failed data load.
[1203/162835.172:WARNING:storage_block-inl.h(146)] Failed data load.
[1203/162835.172:WARNING:storage_block-inl.h(146)] Failed data load.
[1203/162835.173:WARNING:storage_block-inl.h(146)] Failed data load.
[1203/162835.173:WARNING:storage_block-inl.h(146)] Failed data load.
[1203/162835.173:WARNING:storage_block-inl.h(146)] Failed data load.
[1203/162835.173:WARNING:storage_block-inl.h(146)] Failed data load.
[1203/162835.173:WARNING:storage_block-inl.h(146)] Failed data load.
[1203/162835.173:WARNING:storage_block-inl.h(146)] Failed data load.
[1203/162835.182:WARNING:storage_block-inl.h(146)] Failed data load.
[1203/162835.182:WARNING:storage_block-inl.h(146)] Failed data load.
[1203/162835.182:WARNING:storage_block-inl.h(146)] Failed data load.
[1203/162835.184:WARNING:storage_block-inl.h(146)] Failed data load.
[1203/162835.184:WARNING:storage_block-inl.h(146)] Failed data load.
[1203/162835.184:WARNING:storage_block-inl.h(146)] Failed data load.
[1203/162835.184:WARNING:storage_block-inl.h(146)] Failed data load.
[1203/162835.185:WARNING:storage_block-inl.h(146)] Failed data load.
[1203/162835.185:WARNING:storage_block-inl.h(146)] Failed data load.
[1203/162835.185:WARNING:storage_block-inl.h(146)] Failed data load.
[1203/162835.185:WARNING:storage_block-inl.h(146)] Failed data load.
[1203/162835.185:WARNING:storage_block-inl.h(146)] Failed data load.
[1203/162835.185:WARNING:storage_block-inl.h(146)] Failed data load.
[1203/162835.185:WARNING:storage_block-inl.h(146)] Failed data load.
[1203/162835.185:WARNING:storage_block-inl.h(146)] Failed data load.
[1203/162835.185:WARNING:storage_block-inl.h(146)] Failed data load.
[1203/162835.186:WARNING:storage_block-inl.h(146)] Failed data load.
[1203/162835.186:WARNING:storage_block-inl.h(146)] Failed data load.
[1203/162835.188:WARNING:storage_block-inl.h(146)] Failed data load.
[1203/162835.188:WARNING:storage_block-inl.h(146)] Failed data load.
[1203/162835.188:WARNING:storage_block-inl.h(146)] Failed data load.
[1203/162835.188:WARNING:storage_block-inl.h(146)] Failed data load.
[1203/162835.189:WARNING:storage_block-inl.h(146)] Failed data load.
[1203/162835.189:WARNING:storage_block-inl.h(146)] Failed data load.
[1203/162835.189:ERROR:entry_impl.cc(998)] Failed to save user data
[1203/162835.191:ERROR:entry_impl.cc(998)] Failed to save user data
[1203/162835.196:WARNING:storage_block-inl.h(146)] Failed data load.
[1203/162835.196:WARNING:storage_block-inl.h(146)] Failed data load.
[1203/162835.197:ERROR:entry_impl.cc(998)] Failed to save user data
[1203/162835.198:WARNING:storage_block-inl.h(146)] Failed data load.
[1203/162835.198:WARNING:storage_block-inl.h(146)] Failed data load.
[1203/162835.198:WARNING:storage_block-inl.h(146)] Failed data load.
[1203/162835.198:WARNING:storage_block-inl.h(146)] Failed data load.
[1203/162835.202:WARNING:storage_block-inl.h(146)] Failed data load.
[1203/162835.202:WARNING:storage_block-inl.h(146)] Failed data load.
[1203/162835.203:WARNING:storage_block-inl.h(146)] Failed data load.
[1203/162835.203:WARNING:storage_block-inl.h(146)] Failed data load.
[1203/162835.204:WARNING:storage_block-inl.h(146)] Failed data load.
[1203/162835.204:WARNING:storage_block-inl.h(146)] Failed data load.
[1203/162835.204:ERROR:entry_impl.cc(998)] Failed to save user data
[1203/162835.206:WARNING:storage_block-inl.h(146)] Failed data load.
[1203/162835.206:WARNING:storage_block-inl.h(146)] Failed data load.
[1203/162835.208:WARNING:storage_block-inl.h(146)] Failed data load.
[1203/162835.208:WARNING:storage_block-inl.h(146)] Failed data load.
[1203/162835.208:ERROR:entry_impl.cc(998)] Failed to save user data
[1203/162835.319:WARNING:storage_block-inl.h(146)] Failed data load.
[1203/162835.319:WARNING:storage_block-inl.h(146)] Failed data load.
[1203/162835.319:WARNING:storage_block-inl.h(146)] Failed data load.
[1203/162835.322:WARNING:storage_block-inl.h(146)] Failed data load.
[1203/162835.322:WARNING:storage_block-inl.h(146)] Failed data load.
[1203/162835.322:WARNING:storage_block-inl.h(146)] Failed data load.
[1203/162835.331:WARNING:storage_block-inl.h(146)] Failed data load.
[1203/162835.331:WARNING:storage_block-inl.h(146)] Failed data load.
[1203/162835.331:WARNING:storage_block-inl.h(146)] Failed data load.
[1203/162835.343:WARNING:storage_block-inl.h(146)] Failed data load.
[1203/162835.343:WARNING:storage_block-inl.h(146)] Failed data load.
[1203/162835.343:WARNING:storage_block-inl.h(146)] Failed data load.
[1203/162835.352:WARNING:storage_block-inl.h(146)] Failed data load.
[1203/162835.353:WARNING:storage_block-inl.h(146)] Failed data load.
[1203/162835.353:WARNING:storage_block-inl.h(146)] Failed data load.
[1203/162835.356:WARNING:storage_block-inl.h(146)] Failed data load.
[1203/162835.357:WARNING:storage_block-inl.h(146)] Failed data load.
[1203/162835.357:WARNING:storage_block-inl.h(146)] Failed data load.
[1203/162835.363:WARNING:storage_block-inl.h(146)] Failed data load.
[1203/162835.363:WARNING:storage_block-inl.h(146)] Failed data load.
[1203/162835.363:WARNING:storage_block-inl.h(146)] Failed data load.
[1203/162835.365:WARNING:storage_block-inl.h(146)] Failed data load.
[1203/162835.365:WARNING:storage_block-inl.h(146)] Failed data load.
[1203/162835.365:WARNING:storage_block-inl.h(146)] Failed data load.
[1203/162835.369:WARNING:storage_block-inl.h(146)] Failed data load.
[1203/162835.369:WARNING:storage_block-inl.h(146)] Failed data load.
[1203/162835.369:WARNING:storage_block-inl.h(146)] Failed data load.
[1203/162835.373:WARNING:storage_block-inl.h(146)] Failed data load.
[1203/162835.373:WARNING:storage_block-inl.h(146)] Failed data load.
[1203/162835.373:WARNING:storage_block-inl.h(146)] Failed data load.
[1203/162835.376:WARNING:storage_block-inl.h(146)] Failed data load.
[1203/162835.376:WARNING:storage_block-inl.h(146)] Failed data load.
[1203/162835.376:WARNING:storage_block-inl.h(146)] Failed data load.
[1203/162835.378:WARNING:storage_block-inl.h(146)] Failed data load.
[1203/162835.378:WARNING:storage_block-inl.h(146)] Failed data load.
[1203/162835.378:WARNING:storage_block-inl.h(146)] Failed data load.
[1203/162835.378:WARNING:storage_block-inl.h(146)] Failed data load.
[1203/162835.378:WARNING:storage_block-inl.h(146)] Failed data load.
[1203/162835.378:WARNING:storage_block-inl.h(146)] Failed data load.
[1203/162835.378:WARNING:storage_block-inl.h(146)] Failed data load.
[1203/162835.378:WARNING:storage_block-inl.h(146)] Failed data load.
[1203/162835.378:WARNING:storage_block-inl.h(146)] Failed data load.
[1203/162835.378:WARNING:storage_block-inl.h(146)] Failed data load.
[1203/162835.379:WARNING:storage_block-inl.h(146)] Failed data load.
[1203/162835.379:WARNING:storage_block-inl.h(146)] Failed data load.
[1203/162835.382:WARNING:storage_block-inl.h(146)] Failed data load.
[1203/162835.382:WARNING:storage_block-inl.h(146)] Failed data load.
[1203/162835.382:WARNING:storage_block-inl.h(146)] Failed data load.
[1203/162835.388:WARNING:storage_block-inl.h(146)] Failed data load.
[1203/162835.388:WARNING:storage_block-inl.h(146)] Failed data load.
[1203/162835.389:WARNING:storage_block-inl.h(146)] Failed data load.
[1203/162835.393:WARNING:storage_block-inl.h(146)] Failed data load.
[1203/162835.393:WARNING:storage_block-inl.h(146)] Failed data load.
[1203/162835.393:WARNING:storage_block-inl.h(146)] Failed data load.
[1203/162835.399:WARNING:storage_block-inl.h(146)] Failed data load.
[1203/162835.399:WARNING:storage_block-inl.h(146)] Failed data load.
[1203/162835.399:WARNING:storage_block-inl.h(146)] Failed data load.
[1203/162835.400:WARNING:storage_block-inl.h(146)] Failed data load.
[1203/162835.400:WARNING:storage_block-inl.h(146)] Failed data load.
[1203/162835.400:WARNING:storage_block-inl.h(146)] Failed data load.
[1203/162835.400:WARNING:storage_block-inl.h(146)] Failed data load.
[1203/162835.400:WARNING:storage_block-inl.h(146)] Failed data load.
[1203/162835.400:WARNING:storage_block-inl.h(146)] Failed data load.
[1203/162835.410:WARNING:storage_block-inl.h(146)] Failed data load.
[1203/162835.411:WARNING:storage_block-inl.h(146)] Failed data load.
[1203/162835.411:WARNING:storage_block-inl.h(146)] Failed data load.
[1203/162835.492:WARNING:storage_block-inl.h(146)] Failed data load.
[1203/162835.492:WARNING:storage_block-inl.h(146)] Failed data load.
[1203/162835.492:WARNING:storage_block-inl.h(146)] Failed data load.
[1203/163013.017:ERROR:gpu_init.cc(426)] Passthrough is not supported, GL is disabled
